0 info it worked if it ends with ok
1 verbose cli [ 'C:\\Program Files\\nodejs\\node.exe',
1 verbose cli   'C:\\Program Files\\nodejs\\node_modules\\npm\\bin\\npm-cli.js',
1 verbose cli   'publish' ]
2 info using npm@3.10.10
3 info using node@v6.11.4
4 verbose publish [ '.' ]
5 silly cache add args [ '.', null ]
6 verbose cache add spec .
7 silly cache add parsed spec Result {
7 silly cache add   raw: '.',
7 silly cache add   scope: null,
7 silly cache add   escapedName: null,
7 silly cache add   name: null,
7 silly cache add   rawSpec: '.',
7 silly cache add   spec: 'C:\\Users\\nnn\\Google Drive\\nodejs\\HubtelMobilePayment',
7 silly cache add   type: 'directory' }
8 verbose addLocalDirectory C:\Users\nnn\AppData\Roaming\npm-cache\hubtelmobilepayment\2.0.1\package.tgz not in flight; packing
9 verbose correctMkdir C:\Users\nnn\AppData\Roaming\npm-cache correctMkdir not in flight; initializing
10 info lifecycle hubtelmobilepayment@2.0.1~prepublish: hubtelmobilepayment@2.0.1
11 silly lifecycle hubtelmobilepayment@2.0.1~prepublish: no script for prepublish, continuing
12 verbose tar pack [ 'C:\\Users\\nnn\\AppData\\Roaming\\npm-cache\\hubtelmobilepayment\\2.0.1\\package.tgz',
12 verbose tar pack   'C:\\Users\\nnn\\Google Drive\\nodejs\\HubtelMobilePayment' ]
13 verbose tarball C:\Users\nnn\AppData\Roaming\npm-cache\hubtelmobilepayment\2.0.1\package.tgz
14 verbose folder C:\Users\nnn\Google Drive\nodejs\HubtelMobilePayment
15 verbose addLocalTarball adding from inside cache C:\Users\nnn\AppData\Roaming\npm-cache\hubtelmobilepayment\2.0.1\package.tgz
16 verbose correctMkdir C:\Users\nnn\AppData\Roaming\npm-cache correctMkdir not in flight; initializing
17 silly cache afterAdd hubtelmobilepayment@2.0.1
18 verbose afterAdd C:\Users\nnn\AppData\Roaming\npm-cache\hubtelmobilepayment\2.0.1\package\package.json not in flight; writing
19 verbose correctMkdir C:\Users\nnn\AppData\Roaming\npm-cache correctMkdir not in flight; initializing
20 verbose afterAdd C:\Users\nnn\AppData\Roaming\npm-cache\hubtelmobilepayment\2.0.1\package\package.json written
21 silly publish { name: 'hubtelmobilepayment',
21 silly publish   version: '2.0.1',
21 silly publish   description: 'A libray For Hubtel Mobile Payments ',
21 silly publish   main: 'index.js',
21 silly publish   scripts:
21 silly publish    { test: 'mocha test',
21 silly publish      'build-debug': 'browserify index.js -o dist/hubtelpayment.js',
21 silly publish      build: 'browserify -g uglifyify index.js -o  dist/mpowerpayment.min.js' },
21 silly publish   repository:
21 silly publish    { type: 'git',
21 silly publish      url: 'git+https://github.com/banphlet/HubtelMobilePayment.git' },
21 silly publish   author:
21 silly publish    { name: 'Nana Kwame Zoe',
21 silly publish      email: 'banphlet4@gmail.com',
21 silly publish      url: 'https://github.com/banphlet' },
21 silly publish   keywords: [ 'hubtel', 'payment', 'hubtelpayment', 'mobilemoney' ],
21 silly publish   standard: { ignore: [ 'dist/**' ] },
21 silly publish   bugs: { url: 'https://github.com/banphlet/HubtelMobilePayment/issues' },
21 silly publish   homepage: 'https://github.com/banphlet/HubtelMobilePayment',
21 silly publish   license: 'MIT',
21 silly publish   dependencies: { bluebird: '^3.5.0', request: '^2.81.0' },
21 silly publish   devDependencies:
21 silly publish    { browserify: '^14.3.0',
21 silly publish      uglifyify: '^3.0.4',
21 silly publish      'body-parser': '^1.17.1',
21 silly publish      express: '^4.15.2',
21 silly publish      mocha: '^3.2.0' },
21 silly publish   readme: '# HubtelMobilePayment\r\nUPGRADED FROM MPOWER PAYMENT\r\nThis is an unofficial NodeJs Library for [Hubtel](https://developers.hubtel.com).\r\nSee our [wiki](https://github.com/banphlet/HubtelMobilePayment/wiki) for detailed examples.\r\n\r\nNew Addtions\r\n1. Online Checkout\r\n2. Ability to refund Customers\r\n3. Check status of online transactions\r\n\r\n# Installation\r\n```sh\r\nnpm i --save hubtelmobilepayment\r\n```\r\n# API configuration\r\n  See Hubtel Documentation for data format. [Hubtel Docs](https://developers.hubtel.com/documentations/merchant-account-api) \r\nSetup Api Keys gotten from hubtel Account.[Hubtel Docs](https://developers.hubtel.com/documentations/merchant-account-api)\r\n```sh\r\n  var hubtelpayment = require(\'hubtelmobilepayment\');\r\n  var hubtel_pay = new hubtelpayment({\r\n  clientid: \'bxd34kou\',\r\n  secretid: \'rfiz45dm\',\r\n  merchantaccnumber: \'HM325170009\'\r\n  })\r\n  ```\r\n It is most advicable to put keys in environmental variables.\r\n # Receive Mobile Money\r\n  After initialization.\r\n  ```\r\nvar receivedata = {\r\n  "CustomerName": "Customer Name",\r\n  "CustomerMsisdn": "233264545335",\r\n  "CustomerEmail": "customeremail@gmail.com",\r\n  "Channel": "airtel-gh",\r\n  "Amount": 0.8,\r\n   "PrimaryCallbackUrl": "https://hubtelpayment.herokuapp.com/api/v1/moneycallback",  /////example callback \r\n  "Description": "T Shirt"\r\n} \r\n hubtel_pay.ReceiveMobileMoney(receivedata).then(function(data) {\r\n           console.log(data)\r\n        })\r\n ```\r\n\r\nSee our [wiki](https://github.com/banphlet/HubtelMobilePayment/wiki) for detailed examples\r\n\r\n\r\nHAPPY HACKING ❤ \r\n',
21 silly publish   readmeFilename: 'README.md',
21 silly publish   gitHead: '03c76f43ebea95c20c097ef882ebd3959eaf2a60',
21 silly publish   _id: 'hubtelmobilepayment@2.0.1',
21 silly publish   _shasum: '9116e254b30a1a6942a722bc8fdd12b8d8158222',
21 silly publish   _from: '.' }
22 verbose getPublishConfig undefined
23 silly mapToRegistry name hubtelmobilepayment
24 silly mapToRegistry using default registry
25 silly mapToRegistry registry https://registry.npmjs.org/
26 silly mapToRegistry data Result {
26 silly mapToRegistry   raw: 'hubtelmobilepayment',
26 silly mapToRegistry   scope: null,
26 silly mapToRegistry   escapedName: 'hubtelmobilepayment',
26 silly mapToRegistry   name: 'hubtelmobilepayment',
26 silly mapToRegistry   rawSpec: '',
26 silly mapToRegistry   spec: 'latest',
26 silly mapToRegistry   type: 'tag' }
27 silly mapToRegistry uri https://registry.npmjs.org/hubtelmobilepayment
28 verbose publish registryBase https://registry.npmjs.org/
29 silly publish uploading C:\Users\nnn\AppData\Roaming\npm-cache\hubtelmobilepayment\2.0.1\package.tgz
30 verbose stack Error: auth required for publishing
30 verbose stack     at CachingRegistryClient.publish (C:\Program Files\nodejs\node_modules\npm\node_modules\npm-registry-client\lib\publish.js:30:14)
30 verbose stack     at C:\Program Files\nodejs\node_modules\npm\lib\publish.js:138:14
30 verbose stack     at mapToRegistry (C:\Program Files\nodejs\node_modules\npm\lib\utils\map-to-registry.js:62:3)
30 verbose stack     at publish_ (C:\Program Files\nodejs\node_modules\npm\lib\publish.js:107:3)
30 verbose stack     at Array.<anonymous> (C:\Program Files\nodejs\node_modules\npm\node_modules\slide\lib\bind-actor.js:15:8)
30 verbose stack     at LOOP (C:\Program Files\nodejs\node_modules\npm\node_modules\slide\lib\chain.js:15:14)
30 verbose stack     at LOOP (C:\Program Files\nodejs\node_modules\npm\node_modules\slide\lib\chain.js:14:28)
30 verbose stack     at chain (C:\Program Files\nodejs\node_modules\npm\node_modules\slide\lib\chain.js:20:5)
30 verbose stack     at C:\Program Files\nodejs\node_modules\npm\lib\publish.js:73:5
30 verbose stack     at RES (C:\Program Files\nodejs\node_modules\npm\node_modules\inflight\inflight.js:23:14)
31 verbose cwd C:\Users\nnn\Google Drive\nodejs\HubtelMobilePayment
32 error Windows_NT 10.0.15063
33 error argv "C:\\Program Files\\nodejs\\node.exe" "C:\\Program Files\\nodejs\\node_modules\\npm\\bin\\npm-cli.js" "publish"
34 error node v6.11.4
35 error npm  v3.10.10
36 error code ENEEDAUTH
37 error need auth auth required for publishing
38 error need auth You need to authorize this machine using `npm adduser`
39 verbose exit [ 1, true ]
